<?xml version="1.0" encoding="UTF-8"?>
<!-- Generated by org.testng.reporters.JUnitReportReporter -->
<testsuite hostname="LetsVentures-MacBook-Pro.local" failures="0" tests="3" name="TestCases.loginTest" time="33.500" errors="0" timestamp="2019-11-13T11:43:07 IST" skipped="0">
  <testcase classname="TestCases.loginTest" name="verifyLoginPageTitle" time="8.029"/>
  <testcase classname="TestCases.loginTest" name="verifyInvalidCredentials" time="12.900"/>
  <testcase classname="TestCases.loginTest" name="logging_In" time="12.571"/>
</testsuite> <!-- TestCases.loginTest -->
